<?xml version="1.0" encoding="UTF-8"?>
<!-- Generated by org.testng.reporters.JUnitXMLReporter -->
<testsuite ignored="6" hostname="DESKTOP-BOF2DA1" failures="0" tests="1" name="Default test" time="16.548" errors="0" timestamp="2022-10-18T00:44:47 IST">
  <testcase classname="TestCases.Page2Test" name="verifyTwitterlogoTest" time="0.965"/>
  <testcase classname="TestCases.Page2Test" name="add6ProductTest" time="0.0">
    <ignored/>
  </testcase> <!-- add6ProductTest -->
  <testcase classname="TestCases.Page2Test" name="verifyProductsTextTest" time="0.0">
    <ignored/>
  </testcase> <!-- verifyProductsTextTest -->
  <testcase classname="TestCases.Page2Test" name="verifyBigLogoTest" time="0.0">
    <ignored/>
  </testcase> <!-- verifyBigLogoTest -->
  <testcase classname="TestCases.Page2Test" name="verifyTitleTest" time="0.0">
    <ignored/>
  </testcase> <!-- verifyTitleTest -->
  <testcase classname="TestCases.Page2Test" name="remove2productsTest" time="0.0">
    <ignored/>
  </testcase> <!-- remove2productsTest -->
  <testcase classname="TestCases.Page2Test" name="verifySmallLogoTest" time="0.0">
    <ignored/>
  </testcase> <!-- verifySmallLogoTest -->
</testsuite> <!-- Default test -->
