<?xml version="1.0" encoding="UTF-8"?>
<testng-results ignored="6" total="7" passed="1" failed="0" skipped="0">
  <reporter-output>
  </reporter-output>
  <suite started-at="2022-10-18T00:44:31 IST" name="Default suite" finished-at="2022-10-18T00:44:47 IST" duration-ms="16548">
    <groups>
    </groups>
    <test started-at="2022-10-18T00:44:31 IST" name="Default test" finished-at="2022-10-18T00:44:47 IST" duration-ms="16548">
      <class name="TestCases.Page2Test">
        <test-method is-config="true" signature="setUp()[pri:0, instance:TestCases.Page2Test@20ccf40b]" started-at="2022-10-18T00:44:31 IST" name="setUp" finished-at="2022-10-18T00:44:45 IST" duration-ms="14058" status="PASS">
          <reporter-output>
          </reporter-output>
        </test-method> <!-- setUp -->
        <test-method signature="verifyTwitterlogoTest()[pri:0, instance:TestCases.Page2Test@20ccf40b]" started-at="2022-10-18T00:44:45 IST" name="verifyTwitterlogoTest" finished-at="2022-10-18T00:44:46 IST" duration-ms="965" status="PASS">
          <reporter-output>
          </reporter-output>
        </test-method> <!-- verifyTwitterlogoTest -->
        <test-method is-config="true" signature="closeBrowser(org.testng.ITestResult)[pri:0, instance:TestCases.Page2Test@20ccf40b]" started-at="2022-10-18T00:44:46 IST" name="closeBrowser" finished-at="2022-10-18T00:44:47 IST" duration-ms="1356" status="PASS">
          <params>
            <param index="0">
              <value>
                <![CDATA[[TestResult name=verifyTwitterlogoTest status=SUCCESS method=Page2Test.verifyTwitterlogoTest()[pri:0, instance:TestCases.Page2Test@20ccf40b] output={null}]]]>
              </value>
            </param>
          </params>
          <reporter-output>
          </reporter-output>
        </test-method> <!-- closeBrowser -->
      </class> <!-- TestCases.Page2Test -->
    </test> <!-- Default test -->
  </suite> <!-- Default suite -->
</testng-results>
